2024-09-23 20:06:08,486 - Parsing relationship: /_rels/.rels
2024-09-23 20:06:08,567 - Parsing relationship: /xl/_rels/workbook.xml.rels
2024-09-23 20:06:08,570 - Parsing relationship: /_rels/.rels
2024-09-23 20:06:08,639 - Parsing relationship: /xl/_rels/workbook.xml.rels
2024-09-23 20:06:08,641 - Parsing relationship: /_rels/.rels
2024-09-23 20:06:08,695 - Parsing relationship: /xl/_rels/workbook.xml.rels
2024-09-23 20:06:08,697 - Parsing relationship: /_rels/.rels
2024-09-23 20:06:08,750 - Parsing relationship: /xl/_rels/workbook.xml.rels
2024-09-23 20:06:08,752 - Parsing relationship: /_rels/.rels
2024-09-23 20:06:08,803 - Parsing relationship: /xl/_rels/workbook.xml.rels
2024-09-23 20:06:08,806 - Parsing relationship: /_rels/.rels
2024-09-23 20:06:08,860 - Parsing relationship: /xl/_rels/workbook.xml.rels
2024-09-23 20:06:08,862 - Parsing relationship: /_rels/.rels
2024-09-23 20:06:08,909 - Parsing relationship: /xl/_rels/workbook.xml.rels
2024-09-23 20:06:08,912 - Parsing relationship: /_rels/.rels
2024-09-23 20:06:09,000 - Parsing relationship: /xl/_rels/workbook.xml.rels
2024-09-23 20:06:09,002 - Parsing relationship: /_rels/.rels
2024-09-23 20:06:09,077 - ****Started TC003_LoginDDT*****
2024-09-23 20:06:10,245 - Giving Email Address....
2024-09-23 20:06:10,452 - Giving Password....
2024-09-23 20:06:11,093 - Clicked on Login
2024-09-23 20:06:11,095 - Validating My Account page is Exist or Not
2024-09-23 20:06:11,181 - test case is passed,PAGE EXIST
2024-09-23 20:06:11,635 - ****Started TC003_LoginDDT*****
2024-09-23 20:06:12,309 - Giving Email Address....
2024-09-23 20:06:12,438 - Giving Password....
2024-09-23 20:06:12,923 - Clicked on Login
2024-09-23 20:06:12,927 - Validating My Account page is Exist or Not
2024-09-23 20:06:13,060 - test case is passed,PAGE EXIST
2024-09-23 20:06:13,485 - ****Started TC003_LoginDDT*****
2024-09-23 20:06:14,206 - Giving Email Address....
2024-09-23 20:06:14,419 - Giving Password....
2024-09-23 20:06:15,043 - Clicked on Login
2024-09-23 20:06:15,043 - Validating My Account page is Exist or Not
2024-09-23 20:06:15,130 - test case is passed,PAGE EXIST
2024-09-23 20:06:15,633 - ****Started TC003_LoginDDT*****
2024-09-23 20:06:16,331 - Giving Email Address....
2024-09-23 20:06:16,502 - Giving Password....
2024-09-23 20:06:17,041 - Clicked on Login
2024-09-23 20:06:17,045 - Validating My Account page is Exist or Not
2024-09-23 20:06:27,128 - test case is passed,PAGE EXIST
2024-09-23 20:06:27,135 - ****Started TC003_LoginDDT*****
2024-09-23 20:06:27,969 - Giving Email Address....
2024-09-23 20:06:28,195 - Giving Password....
2024-09-23 20:06:29,053 - Clicked on Login
2024-09-23 20:06:29,054 - Validating My Account page is Exist or Not
2024-09-23 20:06:29,102 - test case is passed,PAGE EXIST
2024-09-23 20:34:10,943 - suiteXmlPath: "C:\Users\ADMIN\eclipse-workspace\OpenCartV18\master.xml"
2024-09-23 20:34:11,841 - [TestNG] Running:
  C:\Users\ADMIN\eclipse-workspace\OpenCartV18\master.xml

2024-09-23 20:34:18,049 - Parsing relationship: /xl/_rels/workbook.xml.rels
2024-09-23 20:34:18,056 - Parsing relationship: /_rels/.rels
2024-09-23 20:34:19,220 - Parsing relationship: /xl/_rels/workbook.xml.rels
2024-09-23 20:34:19,224 - Parsing relationship: /_rels/.rels
2024-09-23 20:34:19,357 - Parsing relationship: /xl/_rels/workbook.xml.rels
2024-09-23 20:34:19,360 - Parsing relationship: /_rels/.rels
2024-09-23 20:34:19,467 - Parsing relationship: /xl/_rels/workbook.xml.rels
2024-09-23 20:34:19,470 - Parsing relationship: /_rels/.rels
2024-09-23 20:34:19,532 - Parsing relationship: /xl/_rels/workbook.xml.rels
2024-09-23 20:34:19,535 - Parsing relationship: /_rels/.rels
2024-09-23 20:34:19,606 - Parsing relationship: /xl/_rels/workbook.xml.rels
2024-09-23 20:34:19,609 - Parsing relationship: /_rels/.rels
2024-09-23 20:34:19,688 - Parsing relationship: /xl/_rels/workbook.xml.rels
2024-09-23 20:34:19,690 - Parsing relationship: /_rels/.rels
2024-09-23 20:34:19,744 - Parsing relationship: /xl/_rels/workbook.xml.rels
2024-09-23 20:34:19,747 - Parsing relationship: /_rels/.rels
2024-09-23 20:34:19,803 - Parsing relationship: /xl/_rels/workbook.xml.rels
2024-09-23 20:34:19,806 - Parsing relationship: /_rels/.rels
2024-09-23 20:34:19,867 - Parsing relationship: /xl/_rels/workbook.xml.rels
2024-09-23 20:34:19,869 - Parsing relationship: /_rels/.rels
2024-09-23 20:34:19,919 - Parsing relationship: /xl/_rels/workbook.xml.rels
2024-09-23 20:34:19,922 - Parsing relationship: /_rels/.rels
2024-09-23 20:34:20,003 - Parsing relationship: /xl/_rels/workbook.xml.rels
2024-09-23 20:34:20,005 - Parsing relationship: /_rels/.rels
2024-09-23 20:34:20,083 - Parsing relationship: /xl/_rels/workbook.xml.rels
2024-09-23 20:34:20,085 - Parsing relationship: /_rels/.rels
2024-09-23 20:34:20,135 - Parsing relationship: /xl/_rels/workbook.xml.rels
2024-09-23 20:34:20,137 - Parsing relationship: /_rels/.rels
2024-09-23 20:34:20,378 - Parsing relationship: /xl/_rels/workbook.xml.rels
