2024-09-22 04:50:03,668 - [Utils] MethodGroupsHelper.sortMethods() took 0 ms.
2024-09-22 04:50:03,698 - [Utils] MethodGroupsHelper.collectMethodsByGroup() took 0 ms.
2024-09-22 04:50:03,699 - [Utils] MethodGroupsHelper.sortMethods() took 0 ms.
2024-09-22 04:50:03,756 - [TestNG] Running:
  C:\Users\ADMIN\AppData\Local\Temp\testng-eclipse-476730707\testng-customsuite.xml

2024-09-22 04:50:03,847 - [Utils] DynamicGraphHelper.createDynamicGraph() took 13 ms.
2024-09-22 04:50:04,402 - Parsing relationship: /xl/_rels/workbook.xml.rels
2024-09-22 04:50:04,413 - Parsing relationship: /_rels/.rels
2024-09-22 04:50:05,587 - Parsing relationship: /xl/_rels/workbook.xml.rels
2024-09-22 04:50:05,590 - Parsing relationship: /_rels/.rels
2024-09-22 04:50:05,706 - Parsing relationship: /xl/_rels/workbook.xml.rels
2024-09-22 04:50:05,709 - Parsing relationship: /_rels/.rels
2024-09-22 04:50:05,791 - Parsing relationship: /xl/_rels/workbook.xml.rels
2024-09-22 04:50:05,793 - Parsing relationship: /_rels/.rels
2024-09-22 04:50:05,855 - Parsing relationship: /xl/_rels/workbook.xml.rels
2024-09-22 04:50:05,858 - Parsing relationship: /_rels/.rels
2024-09-22 04:50:05,929 - Parsing relationship: /xl/_rels/workbook.xml.rels
2024-09-22 04:50:05,932 - Parsing relationship: /_rels/.rels
2024-09-22 04:50:05,983 - [Error] java.lang.ArrayIndexOutOfBoundsException: Index 3 out of bounds for length 3
	at utilities.DataProviders.getData(DataProviders.java:28)
	at java.base/jdk.internal.reflect.NativeMethodAccessorImpl.invoke0(Native Method)
	at java.base/jdk.internal.reflect.NativeMethodAccessorImpl.invoke(NativeMethodAccessorImpl.java:77)
	at java.base/jdk.internal.reflect.DelegatingMethodAccessorImpl.invoke(DelegatingMethodAccessorImpl.java:43)
	at java.base/java.lang.reflect.Method.invoke(Method.java:568)
	at org.testng.internal.invokers.MethodInvocationHelper.invokeMethod(MethodInvocationHelper.java:141)
	at org.testng.internal.invokers.MethodInvocationHelper.invokeMethod(MethodInvocationHelper.java:86)
	at org.testng.internal.invokers.MethodInvocationHelper.invokeMethodNoCheckedException(MethodInvocationHelper.java:54)
	at org.testng.internal.invokers.MethodInvocationHelper.invokeDataProvider(MethodInvocationHelper.java:159)
	at org.testng.internal.Parameters.handleParameters(Parameters.java:809)
	at org.testng.internal.Parameters.handleParameters(Parameters.java:734)
	at org.testng.internal.invokers.ParameterHandler.handleParameters(ParameterHandler.java:72)
	at org.testng.internal.invokers.ParameterHandler.createParameters(ParameterHandler.java:51)
	at org.testng.internal.invokers.TestInvoker$MethodInvocationAgent.invoke(TestInvoker.java:946)
	at org.testng.internal.invokers.TestInvoker.invokeTestMethods(TestInvoker.java:203)
	at org.testng.internal.invokers.TestMethodWorker.invokeTestMethods(TestMethodWorker.java:154)
	at org.testng.internal.invokers.TestMethodWorker.run(TestMethodWorker.java:134)
	at java.base/java.util.ArrayList.forEach(ArrayList.java:1511)
	at org.testng.TestRunner.privateRun(TestRunner.java:739)
	at org.testng.TestRunner.run(TestRunner.java:614)
	at org.testng.SuiteRunner.runTest(SuiteRunner.java:421)
	at org.testng.SuiteRunner.runSequentially(SuiteRunner.java:413)
	at org.testng.SuiteRunner.privateRun(SuiteRunner.java:373)
	at org.testng.SuiteRunner.run(SuiteRunner.java:312)
	at org.testng.SuiteRunnerWorker.runSuite(SuiteRunnerWorker.java:52)
	at org.testng.SuiteRunnerWorker.run(SuiteRunnerWorker.java:95)
	at org.testng.TestNG.runSuitesSequentially(TestNG.java:1274)
	at org.testng.TestNG.runSuitesLocally(TestNG.java:1208)
	at org.testng.TestNG.runSuites(TestNG.java:1112)
	at org.testng.TestNG.run(TestNG.java:1079)
	at org.testng.remote.AbstractRemoteTestNG.run(AbstractRemoteTestNG.java:115)
	at org.testng.remote.RemoteTestNG.initAndRun(RemoteTestNG.java:293)
	at org.testng.remote.RemoteTestNG.main(RemoteTestNG.java:91)

2024-09-22 04:50:06,341 - [TestNG] Time taken by org.testng.reporters.jq.Main@62ce72ff: 174 ms
2024-09-22 04:50:06,392 - [TestNG] Time taken by org.testng.reporters.FailedReporter@604b1e1d: 51 ms
2024-09-22 04:50:06,423 - [TestNG] Time taken by org.testng.reporters.XMLReporter@2e2f720: 31 ms
2024-09-22 04:50:06,443 - [TestNG] Time taken by org.testng.reporters.EmailableReporter2@3cd206b5: 19 ms
2024-09-22 04:50:06,458 - [TestNG] Time taken by org.testng.reporters.JUnitReportReporter@4df39a88: 15 ms
2024-09-22 04:50:06,459 - [TestNG] Time taken by org.testng.internal.ExitCodeListener@2264e43c: 0 ms
2024-09-22 04:50:13,886 - suiteXmlPath: "C:\Users\ADMIN\eclipse-workspace\OpenCartV18\master.xml"
2024-09-22 04:50:14,726 - [TestNG] Running:
  C:\Users\ADMIN\eclipse-workspace\OpenCartV18\master.xml

2024-09-22 04:50:19,791 - Parsing relationship: /xl/_rels/workbook.xml.rels
2024-09-22 04:50:19,801 - Parsing relationship: /_rels/.rels
2024-09-22 04:50:21,178 - Parsing relationship: /xl/_rels/workbook.xml.rels
2024-09-22 04:50:21,182 - Parsing relationship: /_rels/.rels
