2024-09-24 23:35:00,477 - test case is passed,PAGE EXIST
2024-09-24 23:36:04,848 - suiteXmlPath: "C:\Users\ADMIN\eclipse-workspace\OpenCartV18\grouping.xml"
2024-09-24 23:36:05,934 - [TestNG] Running:
  C:\Users\ADMIN\eclipse-workspace\OpenCartV18\grouping.xml

2024-09-24 23:36:11,072 - **** Starting TC001_AccountRegistration*******
2024-09-24 23:36:11,316 - **Here We Clicking On MyAccount...**
2024-09-24 23:36:11,865 - **Here We Clicking on Register Link...**
2024-09-24 23:36:11,869 - We Providing the CustomerDetails.... 
2024-09-24 23:36:14,223 - Validationg Expected Message....
2024-09-24 23:36:14,229 - Test is passed
2024-09-24 23:36:14,229 - **** Finsihed TC001_AccountRegistration Test*******
2024-09-24 23:36:17,228 - ****TC002_LoginTest Started...****
2024-09-24 23:36:18,995 - Giving Email Address....
2024-09-24 23:36:19,198 - Giving Password....
2024-09-24 23:36:19,821 - Clicked on Login
2024-09-24 23:36:19,826 - Validating My Account page is Exist or Not
2024-09-24 23:36:19,904 - test case is passed,PAGE EXIST
2024-09-24 23:36:19,905 - ****TC002_LoginTest is Finished...****
2024-09-24 23:36:56,579 - suiteXmlPath: "C:\Users\ADMIN\eclipse-workspace\OpenCartV18\test-output\testng-failed.xml"
2024-09-24 23:36:57,441 - [TestNG] Running:
  C:\Users\ADMIN\eclipse-workspace\OpenCartV18\test-output\testng-failed.xml

2024-09-24 23:37:02,922 - ****TC002_LoginTest Started...****
2024-09-24 23:37:04,287 - Giving Email Address....
2024-09-24 23:37:04,535 - Giving Password....
2024-09-24 23:37:05,050 - Clicked on Login
2024-09-24 23:37:05,053 - Validating My Account page is Exist or Not
2024-09-24 23:37:15,116 - test case is passed,PAGE EXIST
2024-09-24 23:37:57,708 - suiteXmlPath: "C:\Users\ADMIN\eclipse-workspace\OpenCartV18\test-output\testng-failed.xml"
2024-09-24 23:37:58,591 - [TestNG] Running:
  C:\Users\ADMIN\eclipse-workspace\OpenCartV18\test-output\testng-failed.xml

2024-09-24 23:38:04,211 - ****TC002_LoginTest Started...****
2024-09-24 23:38:05,400 - Giving Email Address....
2024-09-24 23:38:05,620 - Giving Password....
2024-09-24 23:38:06,275 - Clicked on Login
2024-09-24 23:38:06,278 - Validating My Account page is Exist or Not
2024-09-24 23:38:06,353 - test case is passed,PAGE EXIST
2024-09-24 23:38:06,360 - ****TC002_LoginTest is Finished...****
2024-09-24 23:40:09,403 - suiteXmlPath: "C:\Users\ADMIN\eclipse-workspace\OpenCartV18\grouping.xml"
2024-09-24 23:40:10,398 - [TestNG] Running:
  C:\Users\ADMIN\eclipse-workspace\OpenCartV18\grouping.xml

2024-09-24 23:40:15,596 - **** Starting TC001_AccountRegistration*******
2024-09-24 23:40:15,828 - **Here We Clicking On MyAccount...**
2024-09-24 23:40:16,383 - **Here We Clicking on Register Link...**
2024-09-24 23:40:16,387 - We Providing the CustomerDetails.... 
2024-09-24 23:40:18,674 - Validationg Expected Message....
2024-09-24 23:40:18,674 - Test Case Failed....
2024-09-24 23:40:18,675 - debug logs
2024-09-24 23:40:22,065 - ****TC002_LoginTest Started...****
2024-09-24 23:40:23,755 - Giving Email Address....
2024-09-24 23:40:23,940 - Giving Password....
2024-09-24 23:40:24,432 - Clicked on Login
2024-09-24 23:40:24,434 - Validating My Account page is Exist or Not
2024-09-24 23:40:34,524 - test case is passed,PAGE EXIST
2024-09-24 23:42:28,858 - suiteXmlPath: "C:\Users\ADMIN\eclipse-workspace\OpenCartV18\test-output\testng-failed.xml"
2024-09-24 23:42:29,826 - [TestNG] Running:
  C:\Users\ADMIN\eclipse-workspace\OpenCartV18\test-output\testng-failed.xml

2024-09-24 23:42:34,880 - **** Starting TC001_AccountRegistration*******
2024-09-24 23:42:35,109 - **Here We Clicking On MyAccount...**
2024-09-24 23:42:35,800 - **Here We Clicking on Register Link...**
2024-09-24 23:42:35,804 - We Providing the CustomerDetails.... 
2024-09-24 23:42:38,065 - Validationg Expected Message....
2024-09-24 23:42:38,069 - Test is passed
2024-09-24 23:42:38,070 - **** Finsihed TC001_AccountRegistration Test*******
2024-09-24 23:42:41,724 - ****TC002_LoginTest Started...****
2024-09-24 23:42:42,692 - Giving Email Address....
2024-09-24 23:42:42,861 - Giving Password....
2024-09-24 23:42:43,525 - Clicked on Login
2024-09-24 23:42:43,528 - Validating My Account page is Exist or Not
2024-09-24 23:42:43,615 - test case is passed,PAGE EXIST
2024-09-24 23:42:43,615 - ****TC002_LoginTest is Finished...****
2024-09-24 23:49:10,266 - suiteXmlPath: "C:\Users\ADMIN\eclipse-workspace\OpenCartV18\master.xml"
2024-09-24 23:49:11,615 - [TestNG] Running:
  C:\Users\ADMIN\eclipse-workspace\OpenCartV18\master.xml

2024-09-24 23:49:18,888 - Parsing relationship: /xl/_rels/workbook.xml.rels
2024-09-24 23:49:18,898 - Parsing relationship: /_rels/.rels
2024-09-24 23:49:20,568 - Parsing relationship: /xl/_rels/workbook.xml.rels
2024-09-24 23:49:20,571 - Parsing relationship: /_rels/.rels
2024-09-24 23:49:20,727 - Parsing relationship: /xl/_rels/workbook.xml.rels
2024-09-24 23:49:20,730 - Parsing relationship: /_rels/.rels
2024-09-24 23:49:20,848 - Parsing relationship: /xl/_rels/workbook.xml.rels
