2024-09-27 00:44:11,835 - [TestNG] Running:
  C:\Users\ADMIN\eclipse-workspace\OpenCartV18\master.xml

2024-09-27 00:44:19,277 - **** Starting TC001_AccountRegistration*******
2024-09-27 00:44:20,443 - **Here We Clicking On MyAccount...**
2024-09-27 00:44:21,175 - **Here We Clicking on Register Link...**
2024-09-27 00:44:21,182 - We Providing the CustomerDetails.... 
2024-09-27 00:44:23,880 - Validationg Expected Message....
2024-09-27 00:44:23,884 - Test is passed
2024-09-27 00:44:23,885 - **** Finsihed TC001_AccountRegistration Test*******
2024-09-27 00:44:28,441 - ****TC002_LoginTest Started...****
2024-09-27 00:44:30,740 - Giving Email Address....
2024-09-27 00:44:30,945 - Giving Password....
2024-09-27 00:44:31,633 - Clicked on Login
2024-09-27 00:44:31,638 - Validating My Account page is Exist or Not
2024-09-27 00:44:31,747 - test case is passed,PAGE EXIST
2024-09-27 00:44:31,748 - ****TC002_LoginTest is Finished...****
2024-09-27 01:13:03,893 - suiteXmlPath: "C:\Users\ADMIN\eclipse-workspace\OpenCartV18\master.xml"
2024-09-27 01:13:12,156 - **** Starting TC001_AccountRegistration*******
2024-09-27 01:13:13,286 - **Here We Clicking On MyAccount...**
2024-09-27 01:13:13,956 - **Here We Clicking on Register Link...**
2024-09-27 01:13:13,996 - We Providing the CustomerDetails.... 
2024-09-27 01:13:16,742 - Validationg Expected Message....
2024-09-27 01:13:16,751 - Test is passed
2024-09-27 01:13:16,751 - **** Finsihed TC001_AccountRegistration Test*******
2024-09-27 01:13:22,076 - ****TC002_LoginTest Started...****
2024-09-27 01:13:24,343 - Giving Email Address....
2024-09-27 01:13:24,601 - Giving Password....
2024-09-27 01:13:25,307 - Clicked on Login
2024-09-27 01:13:25,337 - Validating My Account page is Exist or Not
2024-09-27 01:13:25,431 - test case is passed,PAGE EXIST
2024-09-27 01:13:25,431 - ****TC002_LoginTest is Finished...****
2024-09-27 01:15:36,851 - suiteXmlPath: "C:\Users\ADMIN\eclipse-workspace\OpenCartV18\master.xml"
2024-09-27 01:15:37,822 - [TestNG] Running:
  C:\Users\ADMIN\eclipse-workspace\OpenCartV18\master.xml

2024-09-27 01:16:29,999 - suiteXmlPath: "C:\Users\ADMIN\eclipse-workspace\OpenCartV18\master.xml"
2024-09-27 01:16:36,583 - **** Starting TC001_AccountRegistration*******
2024-09-27 01:16:37,629 - **Here We Clicking On MyAccount...**
2024-09-27 01:16:38,235 - **Here We Clicking on Register Link...**
2024-09-27 01:16:38,239 - We Providing the CustomerDetails.... 
2024-09-27 01:16:40,784 - Validationg Expected Message....
2024-09-27 01:16:40,788 - Test is passed
2024-09-27 01:16:40,789 - **** Finsihed TC001_AccountRegistration Test*******
2024-09-27 01:16:44,848 - ****TC002_LoginTest Started...****
2024-09-27 01:16:46,808 - Giving Email Address....
2024-09-27 01:16:47,011 - Giving Password....
2024-09-27 01:16:47,664 - Clicked on Login
2024-09-27 01:16:47,670 - Validating My Account page is Exist or Not
2024-09-27 01:16:47,760 - test case is passed,PAGE EXIST
2024-09-27 01:16:47,760 - ****TC002_LoginTest is Finished...****
2024-09-27 02:32:18,428 - suiteXmlPath: "C:\Users\ADMIN\eclipse-workspace\OpenCartV18\master.xml"
2024-09-27 02:32:27,388 - **** Starting TC001_AccountRegistration*******
2024-09-27 02:32:28,634 - **Here We Clicking On MyAccount...**
2024-09-27 02:32:29,295 - **Here We Clicking on Register Link...**
2024-09-27 02:32:29,305 - We Providing the CustomerDetails.... 
2024-09-27 02:32:32,001 - Validationg Expected Message....
2024-09-27 02:32:32,005 - Test is passed
2024-09-27 02:32:32,006 - **** Finsihed TC001_AccountRegistration Test*******
2024-09-27 02:32:36,311 - ****TC002_LoginTest Started...****
2024-09-27 02:32:38,140 - Giving Email Address....
2024-09-27 02:32:38,340 - Giving Password....
2024-09-27 02:32:39,046 - Clicked on Login
2024-09-27 02:32:39,054 - Validating My Account page is Exist or Not
2024-09-27 02:32:39,153 - test case is passed,PAGE EXIST
2024-09-27 02:32:39,154 - ****TC002_LoginTest is Finished...****
2024-09-27 02:49:35,673 - suiteXmlPath: "C:\Users\ADMIN\eclipse-workspace\OpenCartV18\master.xml"
2024-09-27 02:49:42,403 - **** Starting TC001_AccountRegistration*******
2024-09-27 02:49:43,492 - **Here We Clicking On MyAccount...**
2024-09-27 02:49:44,163 - **Here We Clicking on Register Link...**
2024-09-27 02:49:44,172 - We Providing the CustomerDetails.... 
2024-09-27 02:49:46,777 - Validationg Expected Message....
2024-09-27 02:49:46,783 - Test is passed
2024-09-27 02:49:46,783 - **** Finsihed TC001_AccountRegistration Test*******
2024-09-27 02:49:51,492 - ****TC002_LoginTest Started...****
2024-09-27 02:49:53,723 - Giving Email Address....
2024-09-27 02:49:53,940 - Giving Password....
2024-09-27 02:49:54,692 - Clicked on Login
2024-09-27 02:49:54,696 - Validating My Account page is Exist or Not
2024-09-27 02:49:54,821 - test case is passed,PAGE EXIST
2024-09-27 02:49:54,822 - ****TC002_LoginTest is Finished...****
2024-09-27 02:55:41,848 - suiteXmlPath: "C:\Users\ADMIN\eclipse-workspace\OpenCartV18\master.xml"
